<?xml version="1.0" encoding="UTF-8"?>
<testsuite name="CalculatorTest" tests="5" skipped="0" failures="0" errors="0" timestamp="2020-03-30T19:26:57" hostname="oem-Inspiron-15-3552" time="0.048">
  <properties/>
  <testcase name="NewLineNumbers" classname="CalculatorTest" time="0.006"/>
  <testcase name="ThreeNumbersDelimiters" classname="CalculatorTest" time="0.001"/>
  <testcase name="SingleDigit" classname="CalculatorTest" time="0.001"/>
  <testcase name="IsEmptyNumber" classname="CalculatorTest" time="0.022"/>
  <testcase name="TwoDigits" classname="CalculatorTest" time="0.001"/>
  <system-out><![CDATA[]]></system-out>
  <system-err><![CDATA[]]></system-err>
</testsuite>
